Build started 11/3/2014 11:53:35 PM.
     1>Project "\\banner.main.ad.rit.edu\students\nai7804\IGMProfile\Desktop\Rochambeau\Rochambeau\Rochambeau\Rochambeau.vcxproj" on node 2 (Build target(s)).
     1>ClCompile:
         C:\Program Files (x86)\Microsoft Visual Studio 12.0\VC\bin\CL.exe /c /ZI /nologo /W3 /WX- /sdl /Od /Oy- /D _MBCS /Gm /EHsc /RTC1 /MDd /GS /fp:precise /Zc:wchar_t /Zc:forScope /Fo"Debug\\" /Fd"Debug\vc120.pdb" /Gd /TP /analyze- /errorReport:prompt Game.cpp
         Game.cpp
     1>\\banner.main.ad.rit.edu\students\nai7804\igmprofile\desktop\rochambeau\rochambeau\rochambeau\throwit.h(4): warning C4309: 'initializing' : truncation of constant value
     1>\\banner.main.ad.rit.edu\students\nai7804\igmprofile\desktop\rochambeau\rochambeau\rochambeau\throwit.h(4): warning C4369: 'spock' :  enumerator value '29552' cannot be represented as 'char', value is '112'
     1>\\banner.main.ad.rit.edu\students\nai7804\igmprofile\desktop\rochambeau\rochambeau\rochambeau\game.cpp(21): warning C4244: 'argument' : conversion from 'time_t' to 'unsigned int', possible loss of data
     1>\\banner.main.ad.rit.edu\students\nai7804\igmprofile\desktop\rochambeau\rochambeau\rochambeau\game.cpp(179): warning C4715: 'Game::runRound' : not all control paths return a value
       Link:
         C:\Program Files (x86)\Microsoft Visual Studio 12.0\VC\bin\link.exe /ERRORREPORT:PROMPT /OUT:"\\banner.main.ad.rit.edu\students\nai7804\IGMProfile\Desktop\Rochambeau\Rochambeau\Debug\Rochambeau.exe" /INCREMENTAL /NOLOGO kernel32.lib user32.lib gdi32.lib winspool.lib comdlg32.lib advapi32.lib shell32.lib ole32.lib oleaut32.lib uuid.lib odbc32.lib odbccp32.lib /MANIFEST /MANIFESTUAC:"level='asInvoker' uiAccess='false'" /manifest:embed /DEBUG /PDB:"\\banner.main.ad.rit.edu\students\nai7804\IGMProfile\Desktop\Rochambeau\Rochambeau\Debug\Rochambeau.pdb" /TLBID:1 /DYNAMICBASE /NXCOMPAT /IMPLIB:"\\banner.main.ad.rit.edu\students\nai7804\IGMProfile\Desktop\Rochambeau\Rochambeau\Debug\Rochambeau.lib" /MACHINE:X86 Debug\Game.obj
         Debug\Lizard.obj
         Debug\main.obj
         Debug\Paper.obj
         Debug\Player.obj
         Debug\Rock.obj
         Debug\Scissors.obj
         Debug\Spock.obj
         Rochambeau.vcxproj -> \\banner.main.ad.rit.edu\students\nai7804\IGMProfile\Desktop\Rochambeau\Rochambeau\Debug\Rochambeau.exe
     1>Done Building Project "\\banner.main.ad.rit.edu\students\nai7804\IGMProfile\Desktop\Rochambeau\Rochambeau\Rochambeau\Rochambeau.vcxproj" (Build target(s)).

Build succeeded.

Time Elapsed 00:00:03.98
